Connecting to database specified by database.yml
Compiled jquery.js  (3ms)  (pid 16322)
Compiled jquery_ujs.js  (29ms)  (pid 16322)
Compiled application.js  (80ms)  (pid 16322)
Compiled main.css  (0ms)  (pid 16322)
Compiled message.css  (0ms)  (pid 16322)
Compiled users.css  (0ms)  (pid 16322)
Compiled application.css  (27ms)  (pid 16322)
Connecting to database specified by database.yml
Compiled jquery.js  (3ms)  (pid 16322)
Compiled jquery_ujs.js  (0ms)  (pid 16322)
Compiled application.js  (20ms)  (pid 16322)
Compiled main.css  (0ms)  (pid 16322)
Compiled message.css  (0ms)  (pid 16322)
Compiled users.css  (0ms)  (pid 16322)
Compiled application.css  (17ms)  (pid 16322)
Connecting to database specified by database.yml
Compiled jquery.js  (3ms)  (pid 17225)
Compiled jquery_ujs.js  (0ms)  (pid 17225)
Compiled application.js  (51ms)  (pid 17225)
Compiled main.css  (0ms)  (pid 17225)
Compiled message.css  (0ms)  (pid 17225)
Compiled users.css  (0ms)  (pid 17225)
Compiled application.css  (17ms)  (pid 17225)
Connecting to database specified by database.yml
Compiled jquery.js  (3ms)  (pid 17225)
Compiled jquery_ujs.js  (0ms)  (pid 17225)
Compiled application.js  (19ms)  (pid 17225)
Compiled main.css  (0ms)  (pid 17225)
Compiled message.css  (0ms)  (pid 17225)
Compiled users.css  (0ms)  (pid 17225)
Compiled application.css  (16ms)  (pid 17225)
Connecting to database specified by database.yml
Compiled jquery.js  (3ms)  (pid 18303)
Compiled jquery_ujs.js  (32ms)  (pid 18303)
Compiled application.js  (54ms)  (pid 18303)
Compiled main.css  (0ms)  (pid 18303)
Compiled message.css  (0ms)  (pid 18303)
Compiled users.css  (0ms)  (pid 18303)
Compiled application.css  (17ms)  (pid 18303)
Connecting to database specified by database.yml
Compiled jquery.js  (3ms)  (pid 18303)
Compiled jquery_ujs.js  (0ms)  (pid 18303)
Compiled application.js  (19ms)  (pid 18303)
Compiled main.css  (0ms)  (pid 18303)
Compiled message.css  (0ms)  (pid 18303)
Compiled users.css  (0ms)  (pid 18303)
Compiled application.css  (16ms)  (pid 18303)
